2025-01-05 17:33:48,334 - backend - INFO - Database and tables initialized.
2025-01-05 17:33:48,335 - backend - INFO - Session established for database operations.
2025-01-05 17:33:48,342 - faiss.loader - INFO - Loading faiss with AVX512 support.
2025-01-05 17:33:48,343 - faiss.loader - INFO - Could not load library with AVX512 support due to:
ModuleNotFoundError("No module named 'faiss.swigfaiss_avx512'")
2025-01-05 17:33:48,343 - faiss.loader - INFO - Loading faiss with AVX2 support.
2025-01-05 17:33:48,510 - faiss.loader - INFO - Successfully loaded faiss with AVX2 support.
2025-01-05 17:33:58,599 - backend - INFO - Database and tables initialized.
2025-01-05 17:33:58,599 - backend - INFO - Session established for database operations.
2025-01-05 17:33:58,612 - faiss.loader - INFO - Loading faiss with AVX512 support.
2025-01-05 17:33:58,613 - faiss.loader - INFO - Could not load library with AVX512 support due to:
ModuleNotFoundError("No module named 'faiss.swigfaiss_avx512'")
2025-01-05 17:33:58,614 - faiss.loader - INFO - Loading faiss with AVX2 support.
2025-01-05 17:33:58,629 - faiss.loader - INFO - Successfully loaded faiss with AVX2 support.
2025-01-05 17:35:59,200 - backend - INFO - Database and tables initialized.
2025-01-05 17:35:59,200 - backend - INFO - Session established for database operations.
2025-01-05 17:35:59,207 - faiss.loader - INFO - Loading faiss with AVX512 support.
2025-01-05 17:35:59,207 - faiss.loader - INFO - Could not load library with AVX512 support due to:
ModuleNotFoundError("No module named 'faiss.swigfaiss_avx512'")
2025-01-05 17:35:59,208 - faiss.loader - INFO - Loading faiss with AVX2 support.
2025-01-05 17:35:59,226 - faiss.loader - INFO - Successfully loaded faiss with AVX2 support.
2025-01-05 17:37:00,117 - backend - INFO - Database and tables initialized.
2025-01-05 17:37:00,118 - backend - INFO - Session established for database operations.
2025-01-05 17:37:00,123 - faiss.loader - INFO - Loading faiss with AVX512 support.
2025-01-05 17:37:00,124 - faiss.loader - INFO - Could not load library with AVX512 support due to:
ModuleNotFoundError("No module named 'faiss.swigfaiss_avx512'")
2025-01-05 17:37:00,124 - faiss.loader - INFO - Loading faiss with AVX2 support.
2025-01-05 17:37:00,142 - faiss.loader - INFO - Successfully loaded faiss with AVX2 support.
2025-01-05 17:38:01,531 - backend - INFO - CLIP processor and model initialized on device: cpu
2025-01-05 17:38:01,532 - backend - INFO - Downloading and preparing images if necessary.
2025-01-05 17:38:01,535 - backend - WARNING - Please add the local dataset to the correct path: backend\src\resources\images
2025-01-05 17:38:01,538 - fastapi - ERROR - Form data requires "python-multipart" to be installed. 
You can install "python-multipart" with: 

pip install python-multipart

2025-01-05 17:38:33,531 - backend - INFO - Database and tables initialized.
2025-01-05 17:38:33,532 - backend - INFO - Session established for database operations.
2025-01-05 17:38:33,537 - faiss.loader - INFO - Loading faiss with AVX512 support.
2025-01-05 17:38:33,538 - faiss.loader - INFO - Could not load library with AVX512 support due to:
ModuleNotFoundError("No module named 'faiss.swigfaiss_avx512'")
2025-01-05 17:38:33,538 - faiss.loader - INFO - Loading faiss with AVX2 support.
2025-01-05 17:38:33,554 - faiss.loader - INFO - Successfully loaded faiss with AVX2 support.
2025-01-05 17:38:40,637 - backend - INFO - CLIP processor and model initialized on device: cpu
2025-01-05 17:38:40,637 - backend - INFO - Downloading and preparing images if necessary.
2025-01-05 17:38:40,643 - backend - WARNING - Please add the local dataset to the correct path: backend\src\resources\images
2025-01-05 17:40:00,164 - backend - INFO - Database and tables initialized.
2025-01-05 17:40:00,165 - backend - INFO - Session established for database operations.
2025-01-05 17:40:00,171 - faiss.loader - INFO - Loading faiss with AVX512 support.
2025-01-05 17:40:00,172 - faiss.loader - INFO - Could not load library with AVX512 support due to:
ModuleNotFoundError("No module named 'faiss.swigfaiss_avx512'")
2025-01-05 17:40:00,172 - faiss.loader - INFO - Loading faiss with AVX2 support.
2025-01-05 17:40:00,190 - faiss.loader - INFO - Successfully loaded faiss with AVX2 support.
2025-01-05 17:40:06,694 - backend - INFO - CLIP processor and model initialized on device: cpu
2025-01-05 17:40:06,695 - backend - INFO - Downloading and preparing images if necessary.
2025-01-05 17:40:06,698 - backend - WARNING - Please add the local dataset to the correct path: backend\src\resources\images
2025-01-05 17:40:08,559 - backend - INFO - Encoding query text: a plant with spines
2025-01-05 17:40:08,680 - backend - WARNING - No image found for embedding index: -1
